<?xml version="1.0" encoding="UTF-8"?>
<testng-results ignored="0" total="1" passed="1" failed="0" skipped="0">
  <reporter-output>
  </reporter-output>
  <suite started-at="2022-07-27T14:49:14 IST" name="Suite" finished-at="2022-07-27T14:49:19 IST" duration-ms="4615">
    <groups>
    </groups>
    <test started-at="2022-07-27T14:49:14 IST" name="Test" finished-at="2022-07-27T14:49:19 IST" duration-ms="4615">
      <class name="ChromeTest">
        <test-method is-config="true" signature="init()[pri:0, instance:ChromeTest@2d710f1a]" started-at="2022-07-27T14:49:14 IST" name="init" finished-at="2022-07-27T14:49:18 IST" duration-ms="4461" status="PASS">
          <reporter-output>
          </reporter-output>
        </test-method> <!-- init -->
        <test-method signature="testOne()[pri:0, instance:ChromeTest@2d710f1a]" started-at="2022-07-27T14:49:18 IST" name="testOne" finished-at="2022-07-27T14:49:18 IST" duration-ms="86" status="PASS">
          <reporter-output>
          </reporter-output>
        </test-method> <!-- testOne -->
      </class> <!-- ChromeTest -->
    </test> <!-- Test -->
  </suite> <!-- Suite -->
</testng-results>
