<?xml version="1.0" encoding="UTF-8"?>
<testng-results ignored="0" total="1" passed="1" failed="0" skipped="0">
  <reporter-output>
  </reporter-output>
  <suite started-at="2022-07-27T14:53:44 IST" name="ChromeTest" finished-at="2022-07-27T14:53:48 IST" duration-ms="4205">
    <groups>
    </groups>
    <test started-at="2022-07-27T14:53:44 IST" name="Command line test" finished-at="2022-07-27T14:53:48 IST" duration-ms="4205">
      <class name="ChromeTest">
        <test-method is-config="true" signature="init()[pri:0, instance:ChromeTest@5e5d171f]" started-at="2022-07-27T14:53:44 IST" name="init" finished-at="2022-07-27T14:53:48 IST" duration-ms="4053" status="PASS">
          <reporter-output>
          </reporter-output>
        </test-method> <!-- init -->
        <test-method signature="testOne()[pri:0, instance:ChromeTest@5e5d171f]" started-at="2022-07-27T14:53:48 IST" name="testOne" finished-at="2022-07-27T14:53:48 IST" duration-ms="96" status="PASS">
          <reporter-output>
          </reporter-output>
        </test-method> <!-- testOne -->
      </class> <!-- ChromeTest -->
    </test> <!-- Command line test -->
  </suite> <!-- ChromeTest -->
</testng-results>
